<?xml version="1.0" encoding="UTF-8"?>
<testng-results ignored="0" total="2" passed="2" failed="0" skipped="0">
  <reporter-output>
  </reporter-output>
  <suite started-at="2022-09-28T01:19:16 IST" name="Suite" finished-at="2022-09-28T01:19:16 IST" duration-ms="81">
    <groups>
    </groups>
    <test started-at="2022-09-28T01:19:16 IST" name="Test" finished-at="2022-09-28T01:19:16 IST" duration-ms="81">
      <class name="testpkg.sample2">
        <test-method signature="demo()[pri:0, instance:testpkg.sample2@2cd2a21f]" started-at="2022-09-28T01:19:16 IST" name="demo" finished-at="2022-09-28T01:19:16 IST" duration-ms="2" status="PASS">
          <reporter-output>
          </reporter-output>
        </test-method> <!-- demo -->
      </class> <!-- testpkg.sample2 -->
      <class name="testpkg.sample1">
        <test-method signature="demo()[pri:0, instance:testpkg.sample1@865dd6]" started-at="2022-09-28T01:19:16 IST" name="demo" finished-at="2022-09-28T01:19:16 IST" duration-ms="13" status="PASS">
          <reporter-output>
          </reporter-output>
        </test-method> <!-- demo -->
      </class> <!-- testpkg.sample1 -->
    </test> <!-- Test -->
  </suite> <!-- Suite -->
</testng-results>
