<?xml version="1.0" encoding="UTF-8"?>
<!-- Generated by org.testng.reporters.JUnitXMLReporter -->
<testsuite ignored="0" hostname="DESKTOP-369SR4N" failures="0" tests="3" name="HomeLoanTests" time="0.118" errors="0" timestamp="2022-09-28T01:57:41 IST">
  <testcase classname="loanapplications.HomeLoanApplicationTests" name="APIHomeLoan" time="0.016"/>
  <testcase classname="loanapplications.HomeLoanApplicationTests" name="MobileHomeLoan" time="0.006"/>
  <testcase classname="loanapplications.HomeLoanApplicationTests" name="WebHomeLoan" time="0.004"/>
</testsuite> <!-- HomeLoanTests -->
